c:\users\administrator\documents\visual studio 2015\projects\consoleapplication1\dllhook\release\dllhook.pch
c:\users\administrator\documents\visual studio 2015\projects\consoleapplication1\dllhook\release\vc140.pdb
c:\users\administrator\documents\visual studio 2015\projects\consoleapplication1\dllhook\release\stdafx.obj
c:\users\administrator\documents\visual studio 2015\projects\consoleapplication1\dllhook\release\dllhook.obj
c:\users\administrator\documents\visual studio 2015\projects\consoleapplication1\release\dllhook.lib
c:\users\administrator\documents\visual studio 2015\projects\consoleapplication1\release\dllhook.exp
c:\users\administrator\documents\visual studio 2015\projects\consoleapplication1\release\dllhook.dll
c:\users\administrator\documents\visual studio 2015\projects\consoleapplication1\release\dllhook.ipdb
c:\users\administrator\documents\visual studio 2015\projects\consoleapplication1\release\dllhook.iobj
c:\users\administrator\documents\visual studio 2015\projects\consoleapplication1\release\dllhook.pdb
c:\users\administrator\documents\visual studio 2015\projects\consoleapplication1\dllhook\release\dllhook.res
c:\users\administrator\documents\visual studio 2015\projects\dllhook\dllhook\release\dllhook.obj
c:\users\administrator\documents\visual studio 2015\projects\dllhook\dllhook\release\stdafx.obj
c:\users\administrator\documents\visual studio 2015\projects\dllhook\dllhook\release\dllhook.res
c:\users\administrator\documents\visual studio 2015\projects\dllhook\dllhook\release\dllhook.pch
c:\users\administrator\documents\visual studio 2015\projects\dllhook\dllhook\release\vc140.pdb
c:\users\administrator\documents\visual studio 2015\projects\dllhook\release\dllhook.pdb
c:\users\administrator\documents\visual studio 2015\projects\dllhook\release\dllhook.dll
c:\users\administrator\documents\visual studio 2015\projects\dllhook\dllhook\release\dllhook.tlog\cl.command.1.tlog
c:\users\administrator\documents\visual studio 2015\projects\dllhook\dllhook\release\dllhook.tlog\cl.read.1.tlog
c:\users\administrator\documents\visual studio 2015\projects\dllhook\dllhook\release\dllhook.tlog\cl.write.1.tlog
c:\users\administrator\documents\visual studio 2015\projects\dllhook\dllhook\release\dllhook.tlog\dllhook.write.1u.tlog
c:\users\administrator\documents\visual studio 2015\projects\dllhook\dllhook\release\dllhook.tlog\link.command.1.tlog
c:\users\administrator\documents\visual studio 2015\projects\dllhook\dllhook\release\dllhook.tlog\link.read.1.tlog
c:\users\administrator\documents\visual studio 2015\projects\dllhook\dllhook\release\dllhook.tlog\link.write.1.tlog
c:\users\administrator\documents\visual studio 2015\projects\dllhook\dllhook\release\dllhook.tlog\rc.command.1.tlog
c:\users\administrator\documents\visual studio 2015\projects\dllhook\dllhook\release\dllhook.tlog\rc.read.1.tlog
c:\users\administrator\documents\visual studio 2015\projects\dllhook\dllhook\release\dllhook.tlog\rc.write.1.tlog
