c:\users\administrator\documents\visual studio 2015\projects\consoleapplication1\dllexcutor\release\vc140.pdb
c:\users\administrator\documents\visual studio 2015\projects\dllhook\dllexcutor\release\dllexcutor.pch
c:\users\administrator\documents\visual studio 2015\projects\dllhook\dllexcutor\release\vc140.pdb
c:\users\administrator\documents\visual studio 2015\projects\dllhook\dllexcutor\release\stdafx.obj
c:\users\administrator\documents\visual studio 2015\projects\dllhook\dllexcutor\release\dllexcutordlg.obj
c:\users\administrator\documents\visual studio 2015\projects\dllhook\dllexcutor\release\dllexcutor.obj
c:\users\administrator\documents\visual studio 2015\projects\consoleapplication1\release\dllexcutor.exe
c:\users\administrator\documents\visual studio 2015\projects\consoleapplication1\release\dllexcutor.ipdb
c:\users\administrator\documents\visual studio 2015\projects\consoleapplication1\release\dllexcutor.iobj
c:\users\administrator\documents\visual studio 2015\projects\consoleapplication1\release\dllexcutor.pdb
c:\users\administrator\documents\visual studio 2015\projects\dllhook\release\dllexcutor.exe
c:\users\administrator\documents\visual studio 2015\projects\dllhook\release\dllexcutor.ipdb
c:\users\administrator\documents\visual studio 2015\projects\dllhook\release\dllexcutor.iobj
c:\users\administrator\documents\visual studio 2015\projects\dllhook\release\dllexcutor.pdb
c:\users\administrator\documents\visual studio 2015\projects\dllhook\dllexcutor\release\dllexcutor.res
c:\users\administrator\documents\visual studio 2015\projects\dllhook\dllexcutor\release\dllexcutor.tlog\cl.command.1.tlog
c:\users\administrator\documents\visual studio 2015\projects\dllhook\dllexcutor\release\dllexcutor.tlog\cl.read.1.tlog
c:\users\administrator\documents\visual studio 2015\projects\dllhook\dllexcutor\release\dllexcutor.tlog\cl.write.1.tlog
c:\users\administrator\documents\visual studio 2015\projects\dllhook\dllexcutor\release\dllexcutor.tlog\link.command.1.tlog
c:\users\administrator\documents\visual studio 2015\projects\dllhook\dllexcutor\release\dllexcutor.tlog\link.read.1.tlog
c:\users\administrator\documents\visual studio 2015\projects\dllhook\dllexcutor\release\dllexcutor.tlog\link.write.1.tlog
c:\users\administrator\documents\visual studio 2015\projects\dllhook\dllexcutor\release\dllexcutor.tlog\rc.command.1.tlog
c:\users\administrator\documents\visual studio 2015\projects\dllhook\dllexcutor\release\dllexcutor.tlog\rc.read.1.tlog
c:\users\administrator\documents\visual studio 2015\projects\dllhook\dllexcutor\release\dllexcutor.tlog\rc.write.1.tlog
